This file contains any messages produced by compilers while
running configure, to aid debugging if configure makes a mistake.

It was created by bluez configure 5.21, which was
generated by GNU Autoconf 2.69.  Invocation command line was

  $ ./configure 

## --------- ##
## Platform. ##
## --------- ##

hostname = shcho-PC-DELL
uname -m = x86_64
uname -r = 1.7.30(0.272/5/3)
uname -s = CYGWIN_NT-6.1
uname -v = 2014-05-23 10:36

/usr/bin/uname -p = unknown
/bin/uname -X     = unknown

/bin/arch              = x86_64
/usr/bin/arch -k       = unknown
/usr/convex/getsysinfo = unknown
/usr/bin/hostinfo      = unknown
/bin/machine           = unknown
/usr/bin/oslevel       = unknown
/bin/universe          = unknown

PATH: /usr/local/bin
PATH: /c/Program_Files/nodejs
PATH: /c/adt-bundle-windows-x86_64-20131030/sdk/platform-tools
PATH: /c/WinAVR-20100110/bin
PATH: /c/WinAVR/bin
PATH: /opt/crosstool/gcc-3.4.5-glibc-2.3.6/arm-softfloat-linux-gnu/bin
PATH: /c/Qt/2009.02/qt/bin
PATH: /opt/crosstool/gcc-4.1.0-glibc-2.3.2/arm-xscale-linux-gnu/bin
PATH: /usr/X11R6/bin
PATH: /cygdrive/c//Program_Files/Java/jdk1.6.0_03/bin
PATH: /cygdrive/c/Program Files/MySQL/MySQL Server 5.0/bin
PATH: /usr/local/bin
PATH: /usr/local/sbin
PATH: /sbin
PATH: /bin
PATH: /usr/sbin
PATH: /usr/bin
PATH: /c/WINDOWS/system32
PATH: /cygdrive/c/Program Files/Microsoft Visual Studio/COMMON/MSDev98/Bin
PATH: /cygdrive/c/Program Files/Microsoft Visual Studio/VC98/Bin


## ----------- ##
## Core tests. ##
## ----------- ##

configure:2395: checking for a BSD-compatible install
configure:2463: result: /bin/install -c
configure:2474: checking whether build environment is sane
configure:2524: result: yes
configure:2665: checking for a thread-safe mkdir -p
configure:2704: result: /bin/mkdir -p
configure:2717: checking for gawk
configure:2733: found /bin/gawk
configure:2744: result: gawk
configure:2755: checking whether make sets $(MAKE)
configure:2777: result: yes
configure:2806: checking whether make supports nested variables
configure:2823: result: yes
configure:2891: checking how to create a pax tar archive
configure:2904: tar --version
tar (GNU tar) 1.27.1
Packaged by Cygwin (1.27.1-1)
Copyright (C) 2013 Free Software Foundation, Inc.
License GPLv3+: GNU GPL version 3 or later <http://gnu.org/licenses/gpl.html>.
This is free software: you are free to change and redistribute it.
There is NO WARRANTY, to the extent permitted by law.

Written by John Gilmore and Jay Fenlason.
configure:2907: $? = 0
configure:2947: tardir=conftest.dir && eval tar --format=posix -chf - "$tardir" >conftest.tar
configure:2950: $? = 0
configure:2954: tar -xf - <conftest.tar
configure:2957: $? = 0
configure:2970: result: gnutar
configure:2991: checking for style of include used by make
configure:3019: result: GNU
configure:3090: checking for gcc
configure:3106: found /bin/gcc
configure:3117: result: gcc
configure:3346: checking for C compiler version
configure:3355: gcc --version >&5
gcc (GCC) 4.8.3
Copyright (C) 2013 Free Software Foundation, Inc.
This is free software; see the source for copying conditions.  There is NO
warranty; not even for MERCHANTABILITY or FITNESS FOR A PARTICULAR PURPOSE.

configure:3366: $? = 0
configure:3355: gcc -v >&5
Using built-in specs.
COLLECT_GCC=gcc
COLLECT_LTO_WRAPPER=/bin/../lib/gcc/x86_64-pc-cygwin/4.8.3/lto-wrapper.exe
Target: x86_64-pc-cygwin
Configured with: /cygdrive/i/szsz/tmpp/cygwin64/gcc/gcc-4.8.3-2/src/gcc-4.8.3/configure --srcdir=/cygdrive/i/szsz/tmpp/cygwin64/gcc/gcc-4.8.3-2/src/gcc-4.8.3 --prefix=/usr --exec-prefix=/usr --bindir=/usr/bin --sbindir=/usr/sbin --libexecdir=/usr/libexec --datadir=/usr/share --localstatedir=/var --sysconfdir=/etc --libdir=/usr/lib --datarootdir=/usr/share --docdir=/usr/share/doc/gcc --htmldir=/usr/share/doc/gcc/html -C --build=x86_64-pc-cygwin --host=x86_64-pc-cygwin --target=x86_64-pc-cygwin --without-libiconv-prefix --without-libintl-prefix --enable-shared --enable-shared-libgcc --enable-static --enable-version-specific-runtime-libs --enable-bootstrap --disable-__cxa_atexit --with-dwarf2 --with-tune=generic --enable-languages=ada,c,c++,fortran,lto,objc,obj-c++ --enable-graphite --enable-threads=posix --enable-libatomic --enable-libgomp --disable-libitm --enable-libquadmath --enable-libquadmath-support --enable-libssp --enable-libada --enable-libgcj-sublibs --disable-java-awt --disable-symvers --with-ecj-jar=/usr/share/java/ecj.jar --with-gnu-ld --with-gnu-as --with-cloog-include=/usr/include/cloog-isl --without-libiconv-prefix --without-libintl-prefix --with-system-zlib --libexecdir=/usr/lib
Thread model: posix
gcc version 4.8.3 (GCC) 
configure:3366: $? = 0
configure:3355: gcc -V >&5
gcc: error: unrecognized command line option '-V'
gcc: fatal error: no input files
compilation terminated.
configure:3366: $? = 1
configure:3355: gcc -qversion >&5
gcc: error: unrecognized command line option '-qversion'
gcc: fatal error: no input files
compilation terminated.
configure:3366: $? = 1
configure:3386: checking whether the C compiler works
configure:3408: gcc    conftest.c  >&5
configure:3412: $? = 0
configure:3460: result: yes
configure:3463: checking for C compiler default output file name
configure:3465: result: a.exe
configure:3471: checking for suffix of executables
configure:3478: gcc -o conftest.exe    conftest.c  >&5
configure:3482: $? = 0
configure:3504: result: .exe
configure:3526: checking whether we are cross compiling
configure:3534: gcc -o conftest.exe    conftest.c  >&5
configure:3538: $? = 0
configure:3545: ./conftest.exe
configure:3549: $? = 0
configure:3564: result: no
configure:3569: checking for suffix of object files
configure:3591: gcc -c   conftest.c >&5
configure:3595: $? = 0
configure:3616: result: o
configure:3620: checking whether we are using the GNU C compiler
configure:3639: gcc -c   conftest.c >&5
configure:3639: $? = 0
configure:3648: result: yes
configure:3657: checking whether gcc accepts -g
configure:3677: gcc -c -g  conftest.c >&5
configure:3677: $? = 0
configure:3718: result: yes
configure:3735: checking for gcc option to accept ISO C89
configure:3798: gcc  -c -g -O2  conftest.c >&5
configure:3798: $? = 0
configure:3811: result: none needed
configure:3833: checking dependency style of gcc
configure:3944: result: gcc3
configure:3965: checking how to run the C preprocessor
configure:3996: gcc -E  conftest.c
configure:3996: $? = 0
configure:4010: gcc -E  conftest.c
conftest.c:11:28: fatal error: ac_nonexistent.h: No such file or directory
 #include <ac_nonexistent.h>
                            ^
compilation terminated.
configure:4010: $? = 1
configure: failed program was:
| /* confdefs.h */
| #define PACKAGE_NAME "bluez"
| #define PACKAGE_TARNAME "bluez"
| #define PACKAGE_VERSION "5.21"
| #define PACKAGE_STRING "bluez 5.21"
| #define PACKAGE_BUGREPORT ""
| #define PACKAGE_URL ""
| #define PACKAGE "bluez"
| #define VERSION "5.21"
| /* end confdefs.h.  */
| #include <ac_nonexistent.h>
configure:4035: result: gcc -E
configure:4055: gcc -E  conftest.c
configure:4055: $? = 0
configure:4069: gcc -E  conftest.c
conftest.c:11:28: fatal error: ac_nonexistent.h: No such file or directory
 #include <ac_nonexistent.h>
                            ^
compilation terminated.
configure:4069: $? = 1
configure: failed program was:
| /* confdefs.h */
| #define PACKAGE_NAME "bluez"
| #define PACKAGE_TARNAME "bluez"
| #define PACKAGE_VERSION "5.21"
| #define PACKAGE_STRING "bluez 5.21"
| #define PACKAGE_BUGREPORT ""
| #define PACKAGE_URL ""
| #define PACKAGE "bluez"
| #define VERSION "5.21"
| /* end confdefs.h.  */
| #include <ac_nonexistent.h>
configure:4098: checking for grep that handles long lines and -e
configure:4156: result: /bin/grep
configure:4161: checking for egrep
configure:4223: result: /bin/grep -E
configure:4228: checking for ANSI C header files
configure:4248: gcc -c -g -O2  conftest.c >&5
configure:4248: $? = 0
configure:4321: gcc -o conftest.exe -g -O2   conftest.c  >&5
configure:4321: $? = 0
configure:4321: ./conftest.exe
configure:4321: $? = 0
configure:4332: result: yes
configure:4345: checking for sys/types.h
configure:4345: gcc -c -g -O2  conftest.c >&5
configure:4345: $? = 0
configure:4345: result: yes
configure:4345: checking for sys/stat.h
configure:4345: gcc -c -g -O2  conftest.c >&5
configure:4345: $? = 0
configure:4345: result: yes
configure:4345: checking for stdlib.h
configure:4345: gcc -c -g -O2  conftest.c >&5
configure:4345: $? = 0
configure:4345: result: yes
configure:4345: checking for string.h
configure:4345: gcc -c -g -O2  conftest.c >&5
configure:4345: $? = 0
configure:4345: result: yes
configure:4345: checking for memory.h
configure:4345: gcc -c -g -O2  conftest.c >&5
configure:4345: $? = 0
configure:4345: result: yes
configure:4345: checking for strings.h
configure:4345: gcc -c -g -O2  conftest.c >&5
configure:4345: $? = 0
configure:4345: result: yes
configure:4345: checking for inttypes.h
configure:4345: gcc -c -g -O2  conftest.c >&5
configure:4345: $? = 0
configure:4345: result: yes
configure:4345: checking for stdint.h
configure:4345: gcc -c -g -O2  conftest.c >&5
configure:4345: $? = 0
configure:4345: result: yes
configure:4345: checking for unistd.h
configure:4345: gcc -c -g -O2  conftest.c >&5
configure:4345: $? = 0
configure:4345: result: yes
configure:4358: checking minix/config.h usability
configure:4358: gcc -c -g -O2  conftest.c >&5
conftest.c:54:26: fatal error: minix/config.h: No such file or directory
 #include <minix/config.h>
                          ^
compilation terminated.
configure:4358: $? = 1
configure: failed program was:
| /* confdefs.h */
| #define PACKAGE_NAME "bluez"
| #define PACKAGE_TARNAME "bluez"
| #define PACKAGE_VERSION "5.21"
| #define PACKAGE_STRING "bluez 5.21"
| #define PACKAGE_BUGREPORT ""
| #define PACKAGE_URL ""
| #define PACKAGE "bluez"
| #define VERSION "5.21"
| #define STDC_HEADERS 1
| #define HAVE_SYS_TYPES_H 1
| #define HAVE_SYS_STAT_H 1
| #define HAVE_STDLIB_H 1
| #define HAVE_STRING_H 1
| #define HAVE_MEMORY_H 1
| #define HAVE_STRINGS_H 1
| #define HAVE_INTTYPES_H 1
| #define HAVE_STDINT_H 1
| #define HAVE_UNISTD_H 1
| /* end confdefs.h.  */
| #include <stdio.h>
| #ifdef HAVE_SYS_TYPES_H
| # include <sys/types.h>
| #endif
| #ifdef HAVE_SYS_STAT_H
| # include <sys/stat.h>
| #endif
| #ifdef STDC_HEADERS
| # include <stdlib.h>
| # include <stddef.h>
| #else
| # ifdef HAVE_STDLIB_H
| #  include <stdlib.h>
| # endif
| #endif
| #ifdef HAVE_STRING_H
| # if !defined STDC_HEADERS && defined HAVE_MEMORY_H
| #  include <memory.h>
| # endif
| # include <string.h>
| #endif
| #ifdef HAVE_STRINGS_H
| # include <strings.h>
| #endif
| #ifdef HAVE_INTTYPES_H
| # include <inttypes.h>
| #endif
| #ifdef HAVE_STDINT_H
| # include <stdint.h>
| #endif
| #ifdef HAVE_UNISTD_H
| # include <unistd.h>
| #endif
| #include <minix/config.h>
configure:4358: result: no
configure:4358: checking minix/config.h presence
configure:4358: gcc -E  conftest.c
conftest.c:21:26: fatal error: minix/config.h: No such file or directory
 #include <minix/config.h>
                          ^
compilation terminated.
configure:4358: $? = 1
configure: failed program was:
| /* confdefs.h */
| #define PACKAGE_NAME "bluez"
| #define PACKAGE_TARNAME "bluez"
| #define PACKAGE_VERSION "5.21"
| #define PACKAGE_STRING "bluez 5.21"
| #define PACKAGE_BUGREPORT ""
| #define PACKAGE_URL ""
| #define PACKAGE "bluez"
| #define VERSION "5.21"
| #define STDC_HEADERS 1
| #define HAVE_SYS_TYPES_H 1
| #define HAVE_SYS_STAT_H 1
| #define HAVE_STDLIB_H 1
| #define HAVE_STRING_H 1
| #define HAVE_MEMORY_H 1
| #define HAVE_STRINGS_H 1
| #define HAVE_INTTYPES_H 1
| #define HAVE_STDINT_H 1
| #define HAVE_UNISTD_H 1
| /* end confdefs.h.  */
| #include <minix/config.h>
configure:4358: result: no
configure:4358: checking for minix/config.h
configure:4358: result: no
configure:4379: checking whether it is safe to define __EXTENSIONS__
configure:4397: gcc -c -g -O2  conftest.c >&5
configure:4397: $? = 0
configure:4404: result: yes
configure:4430: checking whether make supports nested variables
configure:4447: result: yes
configure:4460: checking whether to enable maintainer-specific portions of Makefiles
configure:4469: result: no
configure:4539: checking for pkg-config
configure:4557: found /bin/pkg-config
configure:4569: result: /bin/pkg-config
configure:4594: checking pkg-config is at least version 0.9.0
configure:4597: result: yes
configure:4631: checking for C/C++ restrict keyword
configure:4656: gcc -c -g -O2  conftest.c >&5
configure:4656: $? = 0
configure:4664: result: __restrict
configure:4726: checking for gcc
configure:4753: result: gcc
configure:4982: checking for C compiler version
configure:4991: gcc --version >&5
gcc (GCC) 4.8.3
Copyright (C) 2013 Free Software Foundation, Inc.
This is free software; see the source for copying conditions.  There is NO
warranty; not even for MERCHANTABILITY or FITNESS FOR A PARTICULAR PURPOSE.

configure:5002: $? = 0
configure:4991: gcc -v >&5
Using built-in specs.
COLLECT_GCC=gcc
COLLECT_LTO_WRAPPER=/bin/../lib/gcc/x86_64-pc-cygwin/4.8.3/lto-wrapper.exe
Target: x86_64-pc-cygwin
Configured with: /cygdrive/i/szsz/tmpp/cygwin64/gcc/gcc-4.8.3-2/src/gcc-4.8.3/configure --srcdir=/cygdrive/i/szsz/tmpp/cygwin64/gcc/gcc-4.8.3-2/src/gcc-4.8.3 --prefix=/usr --exec-prefix=/usr --bindir=/usr/bin --sbindir=/usr/sbin --libexecdir=/usr/libexec --datadir=/usr/share --localstatedir=/var --sysconfdir=/etc --libdir=/usr/lib --datarootdir=/usr/share --docdir=/usr/share/doc/gcc --htmldir=/usr/share/doc/gcc/html -C --build=x86_64-pc-cygwin --host=x86_64-pc-cygwin --target=x86_64-pc-cygwin --without-libiconv-prefix --without-libintl-prefix --enable-shared --enable-shared-libgcc --enable-static --enable-version-specific-runtime-libs --enable-bootstrap --disable-__cxa_atexit --with-dwarf2 --with-tune=generic --enable-languages=ada,c,c++,fortran,lto,objc,obj-c++ --enable-graphite --enable-threads=posix --enable-libatomic --enable-libgomp --disable-libitm --enable-libquadmath --enable-libquadmath-support --enable-libssp --enable-libada --enable-libgcj-sublibs --disable-java-awt --disable-symvers --with-ecj-jar=/usr/share/java/ecj.jar --with-gnu-ld --with-gnu-as --with-cloog-include=/usr/include/cloog-isl --without-libiconv-prefix --without-libintl-prefix --with-system-zlib --libexecdir=/usr/lib
Thread model: posix
gcc version 4.8.3 (GCC) 
configure:5002: $? = 0
configure:4991: gcc -V >&5
gcc: error: unrecognized command line option '-V'
gcc: fatal error: no input files
compilation terminated.
configure:5002: $? = 1
configure:4991: gcc -qversion >&5
gcc: error: unrecognized command line option '-qversion'
gcc: fatal error: no input files
compilation terminated.
configure:5002: $? = 1
configure:5006: checking whether we are using the GNU C compiler
configure:5034: result: yes
configure:5043: checking whether gcc accepts -g
configure:5104: result: yes
configure:5121: checking for gcc option to accept ISO C89
configure:5197: result: none needed
configure:5219: checking dependency style of gcc
configure:5330: result: gcc3
configure:5346: checking whether gcc and cc understand -c and -o together
configure:5377: gcc -c conftest.c -o conftest2.o >&5
configure:5381: $? = 0
configure:5387: gcc -c conftest.c -o conftest2.o >&5
configure:5391: $? = 0
configure:5402: cc -c conftest.c >&5
configure:5406: $? = 0
configure:5414: cc -c conftest.c -o conftest2.o >&5
configure:5418: $? = 0
configure:5424: cc -c conftest.c -o conftest2.o >&5
configure:5428: $? = 0
configure:5446: result: yes
configure:5472: checking whether gcc accepts -fPIE
configure:5487: result: no
configure:5556: checking build system type
configure:5570: result: x86_64-unknown-cygwin
configure:5590: checking host system type
configure:5603: result: x86_64-unknown-cygwin
configure:5644: checking how to print strings
configure:5671: result: printf
configure:5692: checking for a sed that does not truncate output
configure:5756: result: /bin/sed
configure:5774: checking for fgrep
configure:5836: result: /bin/grep -F
configure:5871: checking for ld used by gcc
configure:5938: result: /bin/ld
configure:5945: checking if the linker (/bin/ld) is GNU ld
configure:5960: result: yes
configure:5972: checking for BSD- or MS-compatible name lister (nm)
configure:6021: result: /bin/nm -B
configure:6151: checking the name lister (/bin/nm -B) interface
configure:6158: gcc -c -g -O2  conftest.c >&5
configure:6161: /bin/nm -B "conftest.o"
configure:6164: output
0000000000000000 b .bss
0000000000000000 d .data
0000000000000000 N .debug_abbrev
0000000000000000 N .debug_aranges
0000000000000000 N .debug_info
0000000000000000 N .debug_line
0000000000000000 r .rdata$zzz
0000000000000000 t .text
0000000000000000 B some_variable
configure:6171: result: BSD nm
configure:6174: checking whether ln -s works
configure:6178: result: yes
configure:6186: checking the maximum length of command line arguments
configure:6316: result: 8192
configure:6333: checking whether the shell understands some XSI constructs
configure:6343: result: yes
configure:6347: checking whether the shell understands "+="
configure:6353: result: yes
configure:6388: checking how to convert x86_64-unknown-cygwin file names to x86_64-unknown-cygwin format
configure:6428: result: func_convert_file_noop
configure:6435: checking how to convert x86_64-unknown-cygwin file names to toolchain format
configure:6455: result: func_convert_file_noop
configure:6462: checking for /bin/ld option to reload object files
configure:6469: result: -r
configure:6543: checking for objdump
configure:6559: found /bin/objdump
configure:6570: result: objdump
configure:6602: checking how to recognize dependent libraries
configure:6800: result: file_magic ^x86 archive import|^x86 DLL
configure:6885: checking for dlltool
configure:6901: found /bin/dlltool
configure:6912: result: dlltool
configure:6945: checking how to associate runtime and link libraries
configure:6972: result: func_cygming_dll_for_implib
configure:7032: checking for ar
configure:7048: found /bin/ar
configure:7059: result: ar
configure:7096: checking for archiver @FILE support
configure:7113: gcc -c -g -O2  conftest.c >&5
configure:7113: $? = 0
configure:7116: ar cru libconftest.a @conftest.lst >&5
configure:7119: $? = 0
configure:7124: ar cru libconftest.a @conftest.lst >&5
ar: conftest.o: No such file or directory
configure:7127: $? = 1
configure:7139: result: @
configure:7197: checking for strip
configure:7213: found /bin/strip
configure:7224: result: strip
configure:7296: checking for ranlib
configure:7312: found /bin/ranlib
configure:7323: result: ranlib
configure:7425: checking command to parse /bin/nm -B output from gcc object
configure:7545: gcc -c -g -O2  conftest.c >&5
configure:7548: $? = 0
configure:7552: /bin/nm -B conftest.o \| sed -n -e 's/^.*[ ]\([ABCDGIRSTW][ABCDGIRSTW]*\)[ ][ ]*\([_A-Za-z][_A-Za-z0-9]*\)$/\1 \2 \2/p' | sed '/ __gnu_lto/d' \> conftest.nm
configure:7555: $? = 0
configure:7621: gcc -o conftest.exe -g -O2   conftest.c conftstm.o >&5
configure:7624: $? = 0
configure:7662: result: ok
configure:7699: checking for sysroot
configure:7729: result: no
configure:7985: checking for mt
configure:8001: found /bin/mt
configure:8012: result: mt
configure:8035: checking if mt is a manifest tool
configure:8041: mt '-?'
mt: unknown option -- ?
usage: mt [-V] [-f device] operation [count]
configure:8049: result: no
configure:8688: checking for dlfcn.h
configure:8688: gcc -c -g -O2  conftest.c >&5
configure:8688: $? = 0
configure:8688: result: yes
configure:8864: checking for objdir
configure:8879: result: .libs
configure:9146: checking if gcc supports -fno-rtti -fno-exceptions
configure:9164: gcc -c -g -O2  -fno-rtti -fno-exceptions conftest.c >&5
cc1: warning: command line option '-fno-rtti' is valid for C++/ObjC++ but not for C [enabled by default]
configure:9168: $? = 0
configure:9181: result: no
configure:9508: checking for gcc option to produce PIC
configure:9515: result: -DDLL_EXPORT -DPIC
configure:9523: checking if gcc PIC flag -DDLL_EXPORT -DPIC works
configure:9541: gcc -c -g -O2  -DDLL_EXPORT -DPIC -DPIC conftest.c >&5
configure:9545: $? = 0
configure:9558: result: yes
configure:9587: checking if gcc static flag -static works
configure:9615: result: yes
configure:9630: checking if gcc supports -c -o file.o
configure:9651: gcc -c -g -O2  -o out/conftest2.o conftest.c >&5
configure:9655: $? = 0
configure:9677: result: yes
configure:9685: checking if gcc supports -c -o file.o
configure:9732: result: yes
configure:9765: checking whether the gcc linker (/bin/ld) supports shared libraries
configure:10922: result: yes
configure:10959: checking whether -lc should be explicitly linked in
configure:10967: gcc -c -g -O2  conftest.c >&5
configure:10970: $? = 0
configure:10985: gcc -shared conftest.o  -v -o ./conftest -Wl,--enable-auto-image-base -Xlinker --out-implib -Xlinker conftest 2\>\&1 \| /bin/grep  -lc  \>/dev/null 2\>\&1
configure:10988: $? = 1
configure:11002: result: yes
configure:11162: checking dynamic linker characteristics
configure:11896: result: Win32 ld.exe
configure:12003: checking how to hardcode library paths into programs
configure:12028: result: immediate
configure:12568: checking whether stripping libraries is possible
configure:12573: result: yes
configure:12608: checking if libtool supports shared libraries
configure:12610: result: yes
configure:12613: checking whether to build shared libraries
configure:12634: result: yes
configure:12637: checking whether to build static libraries
configure:12641: result: no
configure:12724: checking for signalfd
configure:12724: gcc -o conftest.exe -g -O2   conftest.c  >&5
/cygdrive/c/Users/shcho/AppData/Local/Temp/ccKYtH1Q.o: In function `main':
/c/Work.git/ble/bluez-5.21/conftest.c:63: undefined reference to `signalfd'
/c/Work.git/ble/bluez-5.21/conftest.c:63:(.text.startup+0xa): relocation truncated to fit: R_X86_64_PC32 against undefined symbol `signalfd'
collect2: error: ld returned 1 exit status
configure:12724: $? = 1
configure: failed program was:
| /* confdefs.h */
| #define PACKAGE_NAME "bluez"
| #define PACKAGE_TARNAME "bluez"
| #define PACKAGE_VERSION "5.21"
| #define PACKAGE_STRING "bluez 5.21"
| #define PACKAGE_BUGREPORT ""
| #define PACKAGE_URL ""
| #define PACKAGE "bluez"
| #define VERSION "5.21"
| #define STDC_HEADERS 1
| #define HAVE_SYS_TYPES_H 1
| #define HAVE_SYS_STAT_H 1
| #define HAVE_STDLIB_H 1
| #define HAVE_STRING_H 1
| #define HAVE_MEMORY_H 1
| #define HAVE_STRINGS_H 1
| #define HAVE_INTTYPES_H 1
| #define HAVE_STDINT_H 1
| #define HAVE_UNISTD_H 1
| #define __EXTENSIONS__ 1
| #define _ALL_SOURCE 1
| #define _GNU_SOURCE 1
| #define _POSIX_PTHREAD_SEMANTICS 1
| #define _TANDEM_SOURCE 1
| #define restrict __restrict
| #define HAVE_DLFCN_H 1
| #define LT_OBJDIR ".libs/"
| /* end confdefs.h.  */
| /* Define signalfd to an innocuous variant, in case <limits.h> declares signalfd.
|    For example, HP-UX 11i <limits.h> declares gettimeofday.  */
| #define signalfd innocuous_signalfd
| 
| /* System header to define __stub macros and hopefully few prototypes,
|     which can conflict with char signalfd (); below.
|     Prefer <limits.h> to <assert.h> if __STDC__ is defined, since
|     <limits.h> exists even on freestanding compilers.  */
| 
| #ifdef __STDC__
| # include <limits.h>
| #else
| # include <assert.h>
| #endif
| 
| #undef signalfd
| 
| /* Override any GCC internal prototype to avoid an error.
|    Use char because int might match the return type of a GCC
|    builtin and then its argument prototype would still apply.  */
| #ifdef __cplusplus
| extern "C"
| #endif
| char signalfd ();
| /* The GNU C library defines this for functions which it implements
|     to always fail with ENOSYS.  Some functions are actually named
|     something starting with __ and the normal name is an alias.  */
| #if defined __stub_signalfd || defined __stub___signalfd
| choke me
| #endif
| 
| int
| main ()
| {
| return signalfd ();
|   ;
|   return 0;
| }
configure:12724: result: no
configure:12728: error: signalfd support is required

## ---------------- ##
## Cache variables. ##
## ---------------- ##

ac_cv_build=x86_64-unknown-cygwin
ac_cv_c_compiler_gnu=yes
ac_cv_c_restrict=__restrict
ac_cv_env_CC_set=
ac_cv_env_CC_value=
ac_cv_env_CFLAGS_set=
ac_cv_env_CFLAGS_value=
ac_cv_env_CPPFLAGS_set=
ac_cv_env_CPPFLAGS_value=
ac_cv_env_CPP_set=
ac_cv_env_CPP_value=
ac_cv_env_DBUS_CFLAGS_set=
ac_cv_env_DBUS_CFLAGS_value=
ac_cv_env_DBUS_LIBS_set=
ac_cv_env_DBUS_LIBS_value=
ac_cv_env_GLIB_CFLAGS_set=
ac_cv_env_GLIB_CFLAGS_value=
ac_cv_env_GLIB_LIBS_set=
ac_cv_env_GLIB_LIBS_value=
ac_cv_env_GTHREAD_CFLAGS_set=
ac_cv_env_GTHREAD_CFLAGS_value=
ac_cv_env_GTHREAD_LIBS_set=
ac_cv_env_GTHREAD_LIBS_value=
ac_cv_env_ICAL_CFLAGS_set=
ac_cv_env_ICAL_CFLAGS_value=
ac_cv_env_ICAL_LIBS_set=
ac_cv_env_ICAL_LIBS_value=
ac_cv_env_LDFLAGS_set=
ac_cv_env_LDFLAGS_value=
ac_cv_env_LIBS_set=
ac_cv_env_LIBS_value=
ac_cv_env_PKG_CONFIG_LIBDIR_set=
ac_cv_env_PKG_CONFIG_LIBDIR_value=
ac_cv_env_PKG_CONFIG_PATH_set=
ac_cv_env_PKG_CONFIG_PATH_value=
ac_cv_env_PKG_CONFIG_set=
ac_cv_env_PKG_CONFIG_value=
ac_cv_env_SBC_CFLAGS_set=
ac_cv_env_SBC_CFLAGS_value=
ac_cv_env_SBC_LIBS_set=
ac_cv_env_SBC_LIBS_value=
ac_cv_env_SPEEXDSP_CFLAGS_set=
ac_cv_env_SPEEXDSP_CFLAGS_value=
ac_cv_env_SPEEXDSP_LIBS_set=
ac_cv_env_SPEEXDSP_LIBS_value=
ac_cv_env_UDEV_CFLAGS_set=
ac_cv_env_UDEV_CFLAGS_value=
ac_cv_env_UDEV_LIBS_set=
ac_cv_env_UDEV_LIBS_value=
ac_cv_env_build_alias_set=
ac_cv_env_build_alias_value=
ac_cv_env_host_alias_set=
ac_cv_env_host_alias_value=
ac_cv_env_target_alias_set=
ac_cv_env_target_alias_value=
ac_cv_exeext=.exe
ac_cv_func_signalfd=no
ac_cv_header_dlfcn_h=yes
ac_cv_header_inttypes_h=yes
ac_cv_header_memory_h=yes
ac_cv_header_minix_config_h=no
ac_cv_header_stdc=yes
ac_cv_header_stdint_h=yes
ac_cv_header_stdlib_h=yes
ac_cv_header_string_h=yes
ac_cv_header_strings_h=yes
ac_cv_header_sys_stat_h=yes
ac_cv_header_sys_types_h=yes
ac_cv_header_unistd_h=yes
ac_cv_host=x86_64-unknown-cygwin
ac_cv_objext=o
ac_cv_path_EGREP='/bin/grep -E'
ac_cv_path_FGREP='/bin/grep -F'
ac_cv_path_GREP=/bin/grep
ac_cv_path_SED=/bin/sed
ac_cv_path_ac_pt_PKG_CONFIG=/bin/pkg-config
ac_cv_path_install='/bin/install -c'
ac_cv_path_mkdir=/bin/mkdir
ac_cv_prog_AWK=gawk
ac_cv_prog_CPP='gcc -E'
ac_cv_prog_ac_ct_AR=ar
ac_cv_prog_ac_ct_CC=gcc
ac_cv_prog_ac_ct_DLLTOOL=dlltool
ac_cv_prog_ac_ct_MANIFEST_TOOL=mt
ac_cv_prog_ac_ct_OBJDUMP=objdump
ac_cv_prog_ac_ct_RANLIB=ranlib
ac_cv_prog_ac_ct_STRIP=strip
ac_cv_prog_cc_c89=
ac_cv_prog_cc_g=yes
ac_cv_prog_cc_gcc_c_o=yes
ac_cv_prog_cc_pie=no
ac_cv_prog_make_make_set=yes
ac_cv_safe_to_define___extensions__=yes
am_cv_CC_dependencies_compiler_type=gcc3
am_cv_make_support_nested_variables=yes
am_cv_prog_tar_pax=gnutar
lt_cv_ar_at_file=@
lt_cv_archive_cmds_need_lc=yes
lt_cv_deplibs_check_method='file_magic ^x86 archive import|^x86 DLL'
lt_cv_file_magic_cmd=func_win32_libid
lt_cv_file_magic_test_file=
lt_cv_ld_reload_flag=-r
lt_cv_nm_interface='BSD nm'
lt_cv_objdir=.libs
lt_cv_path_LD=/bin/ld
lt_cv_path_NM='/bin/nm -B'
lt_cv_path_mainfest_tool=no
lt_cv_prog_compiler_c_o=yes
lt_cv_prog_compiler_pic='-DDLL_EXPORT -DPIC'
lt_cv_prog_compiler_pic_works=yes
lt_cv_prog_compiler_rtti_exceptions=no
lt_cv_prog_compiler_static_works=yes
lt_cv_prog_gnu_ld=yes
lt_cv_sharedlib_from_linklib_cmd=func_cygming_dll_for_implib
lt_cv_sys_global_symbol_pipe='sed -n -e '\''s/^.*[	 ]\([ABCDGIRSTW][ABCDGIRSTW]*\)[	 ][	 ]*\([_A-Za-z][_A-Za-z0-9]*\)$/\1 \2 \2/p'\'' | sed '\''/ __gnu_lto/d'\'''
lt_cv_sys_global_symbol_to_c_name_address='sed -n -e '\''s/^: \([^ ]*\)[ ]*$/  {\"\1\", (void *) 0},/p'\'' -e '\''s/^[ABCDGIRSTW]* \([^ ]*\) \([^ ]*\)$/  {"\2", (void *) \&\2},/p'\'''
lt_cv_sys_global_symbol_to_c_name_address_lib_prefix='sed -n -e '\''s/^: \([^ ]*\)[ ]*$/  {\"\1\", (void *) 0},/p'\'' -e '\''s/^[ABCDGIRSTW]* \([^ ]*\) \(lib[^ ]*\)$/  {"\2", (void *) \&\2},/p'\'' -e '\''s/^[ABCDGIRSTW]* \([^ ]*\) \([^ ]*\)$/  {"lib\2", (void *) \&\2},/p'\'''
lt_cv_sys_global_symbol_to_cdecl='sed -n -e '\''s/^T .* \(.*\)$/extern int \1();/p'\'' -e '\''s/^[ABCDGIRSTW]* .* \(.*\)$/extern char \1;/p'\'''
lt_cv_sys_max_cmd_len=8192
lt_cv_to_host_file_cmd=func_convert_file_noop
lt_cv_to_tool_file_cmd=func_convert_file_noop

## ----------------- ##
## Output variables. ##
## ----------------- ##

ACLOCAL='${SHELL} /c/Work.git/ble/bluez-5.21/missing --run aclocal-1.11'
AMDEPBACKSLASH='\'
AMDEP_FALSE='#'
AMDEP_TRUE=''
AMTAR='$${TAR-tar}'
AM_BACKSLASH='\'
AM_DEFAULT_V='$(AM_DEFAULT_VERBOSITY)'
AM_DEFAULT_VERBOSITY='0'
AM_V='$(V)'
ANDROID_FALSE=''
ANDROID_TRUE=''
AR='ar'
AUTOCONF='${SHELL} /c/Work.git/ble/bluez-5.21/missing --run autoconf'
AUTOHEADER='${SHELL} /c/Work.git/ble/bluez-5.21/missing --run autoheader'
AUTOMAKE='${SHELL} /c/Work.git/ble/bluez-5.21/missing --run automake-1.11'
AWK='gawk'
CC='gcc'
CCDEPMODE='depmode=gcc3'
CFLAGS='-g -O2'
CLIENT_FALSE=''
CLIENT_TRUE=''
CONFIGDIR=''
CPP='gcc -E'
CPPFLAGS=''
CUPS_FALSE=''
CUPS_TRUE=''
CYGPATH_W='cygpath -w'
DATAFILES_FALSE=''
DATAFILES_TRUE=''
DBUS_CFLAGS=''
DBUS_CONFDIR=''
DBUS_LIBS=''
DBUS_SESSIONBUSDIR=''
DBUS_SYSTEMBUSDIR=''
DEFS=''
DEPDIR='.deps'
DLLTOOL='dlltool'
DSYMUTIL=''
DUMPBIN=''
ECHO_C=''
ECHO_N='-n'
ECHO_T=''
EGREP='/bin/grep -E'
EXEEXT='.exe'
EXPERIMENTAL_FALSE=''
EXPERIMENTAL_TRUE=''
FGREP='/bin/grep -F'
GLIB_CFLAGS=''
GLIB_LIBS=''
GREP='/bin/grep'
GTHREAD_CFLAGS=''
GTHREAD_LIBS=''
HID2HCI_FALSE=''
HID2HCI_TRUE=''
ICAL_CFLAGS=''
ICAL_LIBS=''
INSTALL_DATA='${INSTALL} -m 644'
INSTALL_PROGRAM='${INSTALL}'
INSTALL_SCRIPT='${INSTALL}'
INSTALL_STRIP_PROGRAM='$(install_sh) -c -s'
LD='/bin/ld'
LDFLAGS=''
LIBOBJS=''
LIBRARY_FALSE=''
LIBRARY_TRUE=''
LIBS=''
LIBTOOL='$(SHELL) $(top_builddir)/libtool'
LIPO=''
LN_S='ln -s'
LTLIBOBJS=''
MAINT='#'
MAINTAINER_MODE_FALSE=''
MAINTAINER_MODE_TRUE='#'
MAKEINFO='${SHELL} /c/Work.git/ble/bluez-5.21/missing --run makeinfo'
MANIFEST_TOOL=':'
MISC_CFLAGS=''
MISC_LDFLAGS=''
MKDIR_P='/bin/mkdir -p'
MONITOR_FALSE=''
MONITOR_TRUE=''
NM='/bin/nm -B'
NMEDIT=''
OBEX_FALSE=''
OBEX_TRUE=''
OBJDUMP='objdump'
OBJEXT='o'
OTOOL64=''
OTOOL=''
PACKAGE='bluez'
PACKAGE_BUGREPORT=''
PACKAGE_NAME='bluez'
PACKAGE_STRING='bluez 5.21'
PACKAGE_TARNAME='bluez'
PACKAGE_URL=''
PACKAGE_VERSION='5.21'
PATH_SEPARATOR=':'
PKG_CONFIG='/bin/pkg-config'
PKG_CONFIG_LIBDIR=''
PKG_CONFIG_PATH=''
RANLIB='ranlib'
READLINE_FALSE=''
READLINE_TRUE=''
SBC_CFLAGS=''
SBC_LIBS=''
SED='/bin/sed'
SET_MAKE=''
SHELL='/bin/sh'
SIXAXIS_FALSE=''
SIXAXIS_TRUE=''
SPEEXDSP_CFLAGS=''
SPEEXDSP_LIBS=''
STRIP='strip'
SYSTEMD_FALSE=''
SYSTEMD_SYSTEMUNITDIR=''
SYSTEMD_TRUE=''
SYSTEMD_USERUNITDIR=''
TEST_FALSE=''
TEST_TRUE=''
TOOLS_FALSE=''
TOOLS_TRUE=''
UDEV_CFLAGS=''
UDEV_DIR=''
UDEV_FALSE=''
UDEV_LIBS=''
UDEV_TRUE=''
VERSION='5.21'
WARNING_CFLAGS=''
ac_ct_AR='ar'
ac_ct_CC='gcc'
ac_ct_DUMPBIN=''
am__EXEEXT_FALSE=''
am__EXEEXT_TRUE=''
am__fastdepCC_FALSE='#'
am__fastdepCC_TRUE=''
am__include='include'
am__isrc=''
am__leading_dot='.'
am__nodep='_no'
am__quote=''
am__tar='tar --format=posix -chf - "$$tardir"'
am__untar='tar -xf -'
bindir='${exec_prefix}/bin'
build='x86_64-unknown-cygwin'
build_alias=''
build_cpu='x86_64'
build_os='cygwin'
build_vendor='unknown'
datadir='${datarootdir}'
datarootdir='${prefix}/share'
docdir='${datarootdir}/doc/${PACKAGE_TARNAME}'
dvidir='${docdir}'
exec_prefix='NONE'
host='x86_64-unknown-cygwin'
host_alias=''
host_cpu='x86_64'
host_os='cygwin'
host_vendor='unknown'
htmldir='${docdir}'
includedir='${prefix}/include'
infodir='${datarootdir}/info'
install_sh='${SHELL} /c/Work.git/ble/bluez-5.21/install-sh'
libdir='${exec_prefix}/lib'
libexecdir='${exec_prefix}/libexec'
localedir='${datarootdir}/locale'
localstatedir='${prefix}/var'
mandir='${datarootdir}/man'
mkdir_p='/bin/mkdir -p'
oldincludedir='/usr/include'
pdfdir='${docdir}'
prefix='NONE'
program_transform_name='s,x,x,'
psdir='${docdir}'
sbindir='${exec_prefix}/sbin'
sharedstatedir='${prefix}/com'
sysconfdir='${prefix}/etc'
target_alias=''

## ----------- ##
## confdefs.h. ##
## ----------- ##

/* confdefs.h */
#define PACKAGE_NAME "bluez"
#define PACKAGE_TARNAME "bluez"
#define PACKAGE_VERSION "5.21"
#define PACKAGE_STRING "bluez 5.21"
#define PACKAGE_BUGREPORT ""
#define PACKAGE_URL ""
#define PACKAGE "bluez"
#define VERSION "5.21"
#define STDC_HEADERS 1
#define HAVE_SYS_TYPES_H 1
#define HAVE_SYS_STAT_H 1
#define HAVE_STDLIB_H 1
#define HAVE_STRING_H 1
#define HAVE_MEMORY_H 1
#define HAVE_STRINGS_H 1
#define HAVE_INTTYPES_H 1
#define HAVE_STDINT_H 1
#define HAVE_UNISTD_H 1
#define __EXTENSIONS__ 1
#define _ALL_SOURCE 1
#define _GNU_SOURCE 1
#define _POSIX_PTHREAD_SEMANTICS 1
#define _TANDEM_SOURCE 1
#define restrict __restrict
#define HAVE_DLFCN_H 1
#define LT_OBJDIR ".libs/"

configure: exit 1
